---------------------------------------------
SLURM job ID:        40313
SLURM job node list: lovelace-01
DATE:                Tue Feb 24 06:10:04 PM CET 2026
---------------------------------------------

CommandNotFoundError: Your shell has not been properly configured to use 'conda activate'.
To initialize your shell, run

    $ conda init <SHELL_NAME>

Currently supported shells are:
  - bash
  - fish
  - tcsh
  - xonsh
  - zsh
  - powershell

See 'conda init --help' for more information and options.

IMPORTANT: You may need to close and restart your shell after running 'conda init'.


/u/scandussio/.conda/envs/.venv/lib/python3.11/site-packages/torch/nn/modules/transformer.py:515: UserWarning: The PyTorch API of nested tensors is in prototype stage and will change in the near future. We recommend specifying layout=torch.jagged when constructing a nested tensor, as this layout receives active development, has better operator coverage, and works with torch.compile. (Triggered internally at /pytorch/aten/src/ATen/NestedTensorImpl.cpp:178.)
  output = torch._nested_tensor_from_mask(
🚀 Inizio Benchmark Scientifico (Cold VRAM) su cuda...

==============================================================================================================
   B |      N |    Phase |   Kernel (Orig) |     Transformer |   Mem K |  Mem TF
--------------------------------------------------------------------------------------------------------------
 500 |    500 | EMBEDD  |          0.33s |          1.57s |   591MB |  1634MB
     |        | SIMILAR |          0.66s |          1.47s |   602MB |  1634MB
--------------------------------------------------------------------------------------------------------------
 500 |   1000 | EMBEDD  |          0.32s |          1.44s |   608MB |  1637MB
     |        | SIMILAR |          0.78s |          1.43s |   609MB |  1638MB
--------------------------------------------------------------------------------------------------------------
 500 |   2000 | EMBEDD  |          0.37s |          1.43s |   615MB |  1639MB
     |        | SIMILAR |          1.02s |          1.43s |   617MB |  1640MB
--------------------------------------------------------------------------------------------------------------
 500 |   4000 | EMBEDD  |          0.45s |          1.44s |   631MB |  1642MB
     |        | SIMILAR |          1.46s |          1.43s |   634MB |  1644MB
--------------------------------------------------------------------------------------------------------------
 500 |   8000 | EMBEDD  |          0.59s |          1.43s |   663MB |  1649MB
     |        | SIMILAR |          2.28s |          1.43s |   669MB |  1653MB
--------------------------------------------------------------------------------------------------------------
 500 |  16000 | EMBEDD  |          0.92s |          1.44s |   727MB |  1663MB
     |        | SIMILAR |          4.12s |          1.43s |   737MB |  1672MB
--------------------------------------------------------------------------------------------------------------
1000 |    500 | EMBEDD  |          0.56s |          2.80s |   639MB |  1750MB
     |        | SIMILAR |          1.40s |          2.81s |   625MB |  1732MB
--------------------------------------------------------------------------------------------------------------
1000 |   1000 | EMBEDD  |          0.61s |          2.81s |   613MB |  1736MB
     |        | SIMILAR |          1.76s |          2.80s |   614MB |  1736MB
--------------------------------------------------------------------------------------------------------------
1000 |   2000 | EMBEDD  |          0.71s |          2.81s |   621MB |  1737MB
     |        | SIMILAR |          2.47s |          2.81s |   621MB |  1738MB
--------------------------------------------------------------------------------------------------------------
1000 |   4000 | EMBEDD  |          0.87s |          2.81s |   636MB |  1740MB
     |        | SIMILAR |          3.89s |          2.81s |   638MB |  1742MB
--------------------------------------------------------------------------------------------------------------
1000 |   8000 | EMBEDD  |          1.14s |          2.82s |   668MB |  1747MB
     |        | SIMILAR |          6.66s |          2.81s |   673MB |  1752MB
--------------------------------------------------------------------------------------------------------------
1000 |  16000 | EMBEDD  |          1.73s |          2.82s |   732MB |  1761MB
     |        | SIMILAR |         12.98s |          2.81s |   741MB |  1770MB
--------------------------------------------------------------------------------------------------------------
2000 |    500 | EMBEDD  |          1.13s |          5.77s |   645MB |  1752MB
     |        | SIMILAR |          3.43s |          5.77s |   631MB |  1734MB
--------------------------------------------------------------------------------------------------------------
2000 |   1000 | EMBEDD  |          1.22s |          5.78s |   628MB |  1740MB
     |        | SIMILAR |          4.77s |          5.77s |   621MB |  1740MB
--------------------------------------------------------------------------------------------------------------
2000 |   2000 | EMBEDD  |          1.43s |          5.77s |   636MB |  1741MB
     |        | SIMILAR |          7.45s |          5.77s |   629MB |  1742MB
--------------------------------------------------------------------------------------------------------------
2000 |   4000 | EMBEDD  |          1.74s |          5.79s |   652MB |  1745MB
     |        | SIMILAR |         12.75s |          5.78s |   647MB |  1747MB
--------------------------------------------------------------------------------------------------------------
2000 |   8000 | EMBEDD  |          2.28s |          5.78s |   684MB |  1751MB
     |        | SIMILAR |         24.64s |          5.77s |   680MB |  1756MB
--------------------------------------------------------------------------------------------------------------
2000 |  16000 | EMBEDD  |          3.71s |          6.49s |   747MB |  1765MB
     |        | SIMILAR |         49.01s |          5.75s |   750MB |  1774MB
--------------------------------------------------------------------------------------------------------------
4000 |    500 | EMBEDD  |          2.36s |         12.07s |   661MB |  1815MB
     |        | SIMILAR |          9.79s |         12.09s |   643MB |  1797MB
--------------------------------------------------------------------------------------------------------------
4000 |   1000 | EMBEDD  |          2.53s |         12.11s |   681MB |  1806MB
     |        | SIMILAR |         13.95s |         12.12s |   637MB |  1807MB
--------------------------------------------------------------------------------------------------------------
4000 |   2000 | EMBEDD  |          2.92s |         12.11s |   689MB |  1807MB
     |        | SIMILAR |         23.44s |         12.10s |   645MB |  1809MB
--------------------------------------------------------------------------------------------------------------
4000 |   4000 | EMBEDD  |          3.56s |         12.13s |   706MB |  1811MB
     |        | SIMILAR |         45.48s |         12.09s |   663MB |  1813MB
--------------------------------------------------------------------------------------------------------------
4000 |   8000 | EMBEDD  |          4.79s |         12.76s |   739MB |  1818MB
     |        | SIMILAR |         94.36s |         12.06s |   698MB |  1823MB
--------------------------------------------------------------------------------------------------------------
4000 |  16000 | EMBEDD  |          8.01s |         14.84s |   802MB |  1832MB
     |        | SIMILAR |        171.22s |         12.04s |   766MB |  1840MB
--------------------------------------------------------------------------------------------------------------
