---------------------------------------------
SLURM job ID:        36071
SLURM job node list: lovelace-02
DATE:                Fri Jan 23 12:58:03 PM CET 2026
---------------------------------------------

CommandNotFoundError: Your shell has not been properly configured to use 'conda activate'.
To initialize your shell, run

    $ conda init <SHELL_NAME>

Currently supported shells are:
  - bash
  - fish
  - tcsh
  - xonsh
  - zsh
  - powershell

See 'conda init --help' for more information and options.

IMPORTANT: You may need to close and restart your shell after running 'conda init'.


Traceback (most recent call last):
  File "/u/scandussio/stlenc/train_tuning_parameters.py", line 345, in <module>
    sweep_id = wandb.sweep(sweep_config, project="stlenc-tuning-final-fixed")
AttributeError: module 'wandb' has no attribute 'sweep'
